[gin] Listening on port 3000
[gin] Building...
[gin] [97;32;1mBuild finished[0m
id :  1
content_key :  ANN
-----------------------------------
[GIN-debug] [WARNING] Creating an Engine instance with the Logger and Recovery middleware already attached.

[GIN-debug] [WARNING] Running in "debug" mode. Switch to "release" mode in production.
 - using env:	export GIN_MODE=release
 - using code:	gin.SetMode(gin.ReleaseMode)

[GIN-debug] Loaded HTML Templates (3): 
	- 
	- admin.html
	- top.html

[GIN-debug] GET    /                         --> main.main.func1 (3 handlers)
[GIN-debug] GET    /admin                    --> main.main.func2 (3 handlers)
[gin] Building...
[gin] [97;32;1mBuild finished[0m
id :  1
content_key :  ANN
-----------------------------------
[GIN-debug] [WARNING] Creating an Engine instance with the Logger and Recovery middleware already attached.

[GIN-debug] [WARNING] Running in "debug" mode. Switch to "release" mode in production.
 - using env:	export GIN_MODE=release
 - using code:	gin.SetMode(gin.ReleaseMode)

[GIN-debug] Loaded HTML Templates (3): 
	- 
	- admin.html
	- top.html

[GIN-debug] GET    /                         --> main.main.func1 (3 handlers)
[GIN-debug] GET    /admin                    --> main.main.func2 (3 handlers)
[GIN] 2020/07/10 - 18:56:19 | 200 |   13.176504ms |      172.50.0.1 | GET      "/"
[gin] Building...
[gin] [97;32;1mBuild finished[0m
id :  1
content_key :  ANN
-----------------------------------
[GIN-debug] [WARNING] Creating an Engine instance with the Logger and Recovery middleware already attached.

[GIN-debug] [WARNING] Running in "debug" mode. Switch to "release" mode in production.
 - using env:	export GIN_MODE=release
 - using code:	gin.SetMode(gin.ReleaseMode)

[GIN-debug] Loaded HTML Templates (3): 
	- 
	- admin.html
	- top.html

[GIN-debug] GET    /                         --> main.main.func1 (3 handlers)
[GIN-debug] GET    /admin                    --> main.main.func2 (3 handlers)
